<?xml version="1.0" encoding="UTF-8"?>
<testng-results ignored="0" total="1" passed="1" failed="0" skipped="0">
  <reporter-output>
  </reporter-output>
  <suite started-at="2020-07-23T00:47:10 CDT" name="com.cjnet.CalculatorTest" finished-at="2020-07-23T00:47:29 CDT" duration-ms="18565">
    <groups>
    </groups>
    <test started-at="2020-07-23T00:47:10 CDT" name="Command line test" finished-at="2020-07-23T00:47:29 CDT" duration-ms="18565">
      <class name="com.cjnet.CalculatorTest">
        <test-method is-config="true" signature="setUp()[pri:0, instance:com.cjnet.CalculatorTest@59e5ddf]" started-at="2020-07-23T00:47:10 CDT" name="setUp" finished-at="2020-07-23T00:47:19 CDT" duration-ms="9005" status="PASS">
          <reporter-output>
          </reporter-output>
        </test-method> <!-- setUp -->
        <test-method signature="addition()[pri:1, instance:com.cjnet.CalculatorTest@59e5ddf]" started-at="2020-07-23T00:47:19 CDT" name="addition" finished-at="2020-07-23T00:47:28 CDT" duration-ms="8946" status="PASS">
          <reporter-output>
          </reporter-output>
        </test-method> <!-- addition -->
        <test-method is-config="true" signature="tearDown()[pri:0, instance:com.cjnet.CalculatorTest@59e5ddf]" started-at="2020-07-23T00:47:28 CDT" name="tearDown" finished-at="2020-07-23T00:47:29 CDT" duration-ms="570" status="PASS">
          <reporter-output>
          </reporter-output>
        </test-method> <!-- tearDown -->
      </class> <!-- com.cjnet.CalculatorTest -->
    </test> <!-- Command line test -->
  </suite> <!-- com.cjnet.CalculatorTest -->
</testng-results>
